{"C:\\Users\\estef\\OneDrive\\Escritorio\\Ausentimo\\Backend\\src\\config\\db.js": {"path":"C:\\Users\\estef\\OneDrive\\Escritorio\\Ausentimo\\Backend\\src\\config\\db.js","statementMap":{"0":{"start":{"line":2,"column":14},"end":{"line":2,"column":31}},"1":{"start":{"line":3,"column":0},"end":{"line":3,"column":27}},"2":{"start":{"line":5,"column":13},"end":{"line":13,"column":2}},"3":{"start":{"line":15,"column":0},"end":{"line":15,"column":null}}},"fnMap":{},"branchMap":{"0":{"loc":{"start":{"line":6,"column":8},"end":{"line":6,"column":42}},"type":"binary-expr","locations":[{"start":{"line":6,"column":8},"end":{"line":6,"column":27}},{"start":{"line":6,"column":31},"end":{"line":6,"column":42}}],"line":6},"1":{"loc":{"start":{"line":7,"column":8},"end":{"line":7,"column":37}},"type":"binary-expr","locations":[{"start":{"line":7,"column":8},"end":{"line":7,"column":27}},{"start":{"line":7,"column":31},"end":{"line":7,"column":37}}],"line":7},"2":{"loc":{"start":{"line":8,"column":12},"end":{"line":8,"column":41}},"type":"binary-expr","locations":[{"start":{"line":8,"column":12},"end":{"line":8,"column":35}},{"start":{"line":8,"column":39},"end":{"line":8,"column":41}}],"line":8},"3":{"loc":{"start":{"line":9,"column":12},"end":{"line":9,"column":48}},"type":"binary-expr","locations":[{"start":{"line":9,"column":12},"end":{"line":9,"column":31}},{"start":{"line":9,"column":35},"end":{"line":9,"column":48}}],"line":9}},"s":{"0":1,"1":1,"2":1,"3":1},"f":{},"b":{"0":[1,0],"1":[1,0],"2":[1,0],"3":[1,0]},"meta":{"lastBranch":4,"lastFunction":0,"lastStatement":4,"seen":{"s:2:14:2:31":0,"s:3:0:3:27":1,"s:5:13:13:2":2,"b:6:8:6:27:6:31:6:42":0,"b:7:8:7:27:7:31:7:37":1,"b:8:12:8:35:8:39:8:41":2,"b:9:12:9:31:9:35:9:48":3,"s:15:0:15:Infinity":3}}}
,"C:\\Users\\estef\\OneDrive\\Escritorio\\Ausentimo\\Backend\\src\\controllers\\derivacionController.js": {"path":"C:\\Users\\estef\\OneDrive\\Escritorio\\Ausentimo\\Backend\\src\\controllers\\derivacionController.js","statementMap":{"0":{"start":{"line":2,"column":13},"end":{"line":2,"column":null}},"1":{"start":{"line":3,"column":11},"end":{"line":3,"column":null}},"2":{"start":{"line":4,"column":13},"end":{"line":4,"column":null}},"3":{"start":{"line":9,"column":0},"end":{"line":76,"column":null}},"4":{"start":{"line":10,"column":59},"end":{"line":10,"column":null}},"5":{"start":{"line":12,"column":2},"end":{"line":17,"column":null}},"6":{"start":{"line":13,"column":4},"end":{"line":16,"column":null}},"7":{"start":{"line":20,"column":2},"end":{"line":25,"column":null}},"8":{"start":{"line":21,"column":4},"end":{"line":24,"column":null}},"9":{"start":{"line":27,"column":2},"end":{"line":75,"column":null}},"10":{"start":{"line":29,"column":22},"end":{"line":33,"column":null}},"11":{"start":{"line":35,"column":4},"end":{"line":40,"column":null}},"12":{"start":{"line":36,"column":6},"end":{"line":39,"column":null}},"13":{"start":{"line":43,"column":21},"end":{"line":50,"column":null}},"14":{"start":{"line":52,"column":4},"end":{"line":57,"column":null}},"15":{"start":{"line":53,"column":6},"end":{"line":56,"column":null}},"16":{"start":{"line":59,"column":4},"end":{"line":67,"column":null}},"17":{"start":{"line":69,"column":4},"end":{"line":69,"column":null}},"18":{"start":{"line":70,"column":4},"end":{"line":74,"column":null}},"19":{"start":{"line":79,"column":0},"end":{"line":118,"column":null}},"20":{"start":{"line":80,"column":41},"end":{"line":80,"column":null}},"21":{"start":{"line":82,"column":2},"end":{"line":87,"column":null}},"22":{"start":{"line":83,"column":4},"end":{"line":86,"column":null}},"23":{"start":{"line":89,"column":2},"end":{"line":117,"column":null}},"24":{"start":{"line":90,"column":21},"end":{"line":97,"column":null}},"25":{"start":{"line":99,"column":4},"end":{"line":104,"column":null}},"26":{"start":{"line":100,"column":6},"end":{"line":103,"column":null}},"27":{"start":{"line":106,"column":4},"end":{"line":109,"column":null}},"28":{"start":{"line":111,"column":4},"end":{"line":111,"column":null}},"29":{"start":{"line":112,"column":4},"end":{"line":116,"column":null}},"30":{"start":{"line":121,"column":0},"end":{"line":154,"column":null}},"31":{"start":{"line":122,"column":22},"end":{"line":122,"column":null}},"32":{"start":{"line":124,"column":2},"end":{"line":129,"column":null}},"33":{"start":{"line":125,"column":4},"end":{"line":128,"column":null}},"34":{"start":{"line":131,"column":2},"end":{"line":153,"column":null}},"35":{"start":{"line":132,"column":27},"end":{"line":139,"column":null}},"36":{"start":{"line":141,"column":4},"end":{"line":145,"column":null}},"37":{"start":{"line":147,"column":4},"end":{"line":147,"column":null}},"38":{"start":{"line":148,"column":4},"end":{"line":152,"column":null}},"39":{"start":{"line":159,"column":0},"end":{"line":250,"column":null}},"40":{"start":{"line":160,"column":70},"end":{"line":160,"column":null}},"41":{"start":{"line":161,"column":15},"end":{"line":161,"column":null}},"42":{"start":{"line":163,"column":2},"end":{"line":168,"column":null}},"43":{"start":{"line":164,"column":4},"end":{"line":167,"column":null}},"44":{"start":{"line":171,"column":23},"end":{"line":171,"column":null}},"45":{"start":{"line":172,"column":2},"end":{"line":177,"column":null}},"46":{"start":{"line":173,"column":4},"end":{"line":176,"column":null}},"47":{"start":{"line":179,"column":20},"end":{"line":179,"column":null}},"48":{"start":{"line":181,"column":2},"end":{"line":249,"column":null}},"49":{"start":{"line":183,"column":22},"end":{"line":186,"column":null}},"50":{"start":{"line":188,"column":4},"end":{"line":193,"column":null}},"51":{"start":{"line":189,"column":6},"end":{"line":192,"column":null}},"52":{"start":{"line":195,"column":22},"end":{"line":195,"column":null}},"53":{"start":{"line":198,"column":4},"end":{"line":214,"column":null}},"54":{"start":{"line":199,"column":6},"end":{"line":204,"column":null}},"55":{"start":{"line":200,"column":8},"end":{"line":203,"column":null}},"56":{"start":{"line":205,"column":6},"end":{"line":205,"column":null}},"57":{"start":{"line":206,"column":11},"end":{"line":214,"column":null}},"58":{"start":{"line":207,"column":6},"end":{"line":212,"column":null}},"59":{"start":{"line":208,"column":8},"end":{"line":211,"column":null}},"60":{"start":{"line":213,"column":6},"end":{"line":213,"column":null}},"61":{"start":{"line":217,"column":21},"end":{"line":221,"column":null}},"62":{"start":{"line":223,"column":4},"end":{"line":234,"column":null}},"63":{"start":{"line":237,"column":4},"end":{"line":241,"column":null}},"64":{"start":{"line":238,"column":6},"end":{"line":240,"column":null}},"65":{"start":{"line":239,"column":8},"end":{"line":239,"column":null}},"66":{"start":{"line":239,"column":17},"end":{"line":239,"column":null}},"67":{"start":{"line":243,"column":4},"end":{"line":243,"column":null}},"68":{"start":{"line":244,"column":4},"end":{"line":248,"column":null}},"69":{"start":{"line":253,"column":0},"end":{"line":285,"column":null}},"70":{"start":{"line":254,"column":32},"end":{"line":254,"column":null}},"71":{"start":{"line":256,"column":2},"end":{"line":261,"column":null}},"72":{"start":{"line":257,"column":4},"end":{"line":260,"column":null}},"73":{"start":{"line":263,"column":2},"end":{"line":284,"column":null}},"74":{"start":{"line":264,"column":23},"end":{"line":270,"column":null}},"75":{"start":{"line":272,"column":4},"end":{"line":276,"column":null}},"76":{"start":{"line":278,"column":4},"end":{"line":278,"column":null}},"77":{"start":{"line":279,"column":4},"end":{"line":283,"column":null}},"78":{"start":{"line":288,"column":0},"end":{"line":375,"column":null}},"79":{"start":{"line":289,"column":24},"end":{"line":289,"column":null}},"80":{"start":{"line":290,"column":38},"end":{"line":290,"column":null}},"81":{"start":{"line":291,"column":15},"end":{"line":291,"column":null}},"82":{"start":{"line":293,"column":2},"end":{"line":298,"column":null}},"83":{"start":{"line":294,"column":4},"end":{"line":297,"column":null}},"84":{"start":{"line":300,"column":2},"end":{"line":374,"column":null}},"85":{"start":{"line":302,"column":22},"end":{"line":305,"column":null}},"86":{"start":{"line":307,"column":4},"end":{"line":317,"column":null}},"87":{"start":{"line":308,"column":6},"end":{"line":312,"column":null}},"88":{"start":{"line":309,"column":8},"end":{"line":311,"column":null}},"89":{"start":{"line":310,"column":10},"end":{"line":310,"column":null}},"90":{"start":{"line":310,"column":19},"end":{"line":310,"column":null}},"91":{"start":{"line":313,"column":6},"end":{"line":316,"column":null}},"92":{"start":{"line":319,"column":26},"end":{"line":319,"column":null}},"93":{"start":{"line":320,"column":23},"end":{"line":320,"column":null}},"94":{"start":{"line":323,"column":4},"end":{"line":342,"column":null}},"95":{"start":{"line":325,"column":6},"end":{"line":331,"column":null}},"96":{"start":{"line":326,"column":8},"end":{"line":330,"column":null}},"97":{"start":{"line":327,"column":10},"end":{"line":329,"column":null}},"98":{"start":{"line":328,"column":12},"end":{"line":328,"column":null}},"99":{"start":{"line":328,"column":21},"end":{"line":328,"column":null}},"100":{"start":{"line":332,"column":6},"end":{"line":332,"column":null}},"101":{"start":{"line":333,"column":11},"end":{"line":342,"column":null}},"102":{"start":{"line":335,"column":6},"end":{"line":340,"column":null}},"103":{"start":{"line":336,"column":8},"end":{"line":339,"column":null}},"104":{"start":{"line":341,"column":6},"end":{"line":341,"column":null}},"105":{"start":{"line":345,"column":21},"end":{"line":350,"column":null}},"106":{"start":{"line":352,"column":4},"end":{"line":360,"column":null}},"107":{"start":{"line":362,"column":4},"end":{"line":366,"column":null}},"108":{"start":{"line":363,"column":6},"end":{"line":365,"column":null}},"109":{"start":{"line":364,"column":8},"end":{"line":364,"column":null}},"110":{"start":{"line":364,"column":17},"end":{"line":364,"column":null}},"111":{"start":{"line":368,"column":4},"end":{"line":368,"column":null}},"112":{"start":{"line":369,"column":4},"end":{"line":373,"column":null}},"113":{"start":{"line":378,"column":0},"end":{"line":430,"column":null}},"114":{"start":{"line":379,"column":24},"end":{"line":379,"column":null}},"115":{"start":{"line":381,"column":2},"end":{"line":386,"column":null}},"116":{"start":{"line":382,"column":4},"end":{"line":385,"column":null}},"117":{"start":{"line":388,"column":2},"end":{"line":429,"column":null}},"118":{"start":{"line":390,"column":22},"end":{"line":393,"column":null}},"119":{"start":{"line":395,"column":4},"end":{"line":400,"column":null}},"120":{"start":{"line":396,"column":6},"end":{"line":399,"column":null}},"121":{"start":{"line":403,"column":23},"end":{"line":403,"column":null}},"122":{"start":{"line":404,"column":4},"end":{"line":410,"column":null}},"123":{"start":{"line":405,"column":6},"end":{"line":409,"column":null}},"124":{"start":{"line":406,"column":8},"end":{"line":408,"column":null}},"125":{"start":{"line":407,"column":10},"end":{"line":407,"column":null}},"126":{"start":{"line":407,"column":19},"end":{"line":407,"column":null}},"127":{"start":{"line":413,"column":21},"end":{"line":416,"column":null}},"128":{"start":{"line":418,"column":4},"end":{"line":421,"column":null}},"129":{"start":{"line":423,"column":4},"end":{"line":423,"column":null}},"130":{"start":{"line":424,"column":4},"end":{"line":428,"column":null}},"131":{"start":{"line":433,"column":0},"end":{"line":496,"column":null}},"132":{"start":{"line":434,"column":24},"end":{"line":434,"column":null}},"133":{"start":{"line":436,"column":2},"end":{"line":441,"column":null}},"134":{"start":{"line":437,"column":4},"end":{"line":440,"column":null}},"135":{"start":{"line":443,"column":2},"end":{"line":495,"column":null}},"136":{"start":{"line":445,"column":22},"end":{"line":448,"column":null}},"137":{"start":{"line":450,"column":4},"end":{"line":455,"column":null}},"138":{"start":{"line":451,"column":6},"end":{"line":454,"column":null}},"139":{"start":{"line":457,"column":23},"end":{"line":457,"column":null}},"140":{"start":{"line":460,"column":4},"end":{"line":466,"column":null}},"141":{"start":{"line":461,"column":6},"end":{"line":465,"column":null}},"142":{"start":{"line":469,"column":4},"end":{"line":474,"column":null}},"143":{"start":{"line":470,"column":6},"end":{"line":473,"column":null}},"144":{"start":{"line":477,"column":4},"end":{"line":487,"column":null}},"145":{"start":{"line":478,"column":6},"end":{"line":486,"column":null}},"146":{"start":{"line":479,"column":8},"end":{"line":479,"column":null}},"147":{"start":{"line":480,"column":8},"end":{"line":485,"column":null}},"148":{"start":{"line":481,"column":10},"end":{"line":484,"column":null}},"149":{"start":{"line":489,"column":4},"end":{"line":489,"column":null}},"150":{"start":{"line":490,"column":4},"end":{"line":494,"column":null}}},"fnMap":{"0":{"name":"(anonymous_0)","decl":{"start":{"line":9,"column":24},"end":{"line":9,"column":31}},"loc":{"start":{"line":9,"column":44},"end":{"line":76,"column":null}},"line":9},"1":{"name":"(anonymous_1)","decl":{"start":{"line":79,"column":27},"end":{"line":79,"column":34}},"loc":{"start":{"line":79,"column":47},"end":{"line":118,"column":null}},"line":79},"2":{"name":"(anonymous_2)","decl":{"start":{"line":121,"column":33},"end":{"line":121,"column":40}},"loc":{"start":{"line":121,"column":53},"end":{"line":154,"column":null}},"line":121},"3":{"name":"(anonymous_3)","decl":{"start":{"line":159,"column":21},"end":{"line":159,"column":28}},"loc":{"start":{"line":159,"column":41},"end":{"line":250,"column":null}},"line":159},"4":{"name":"(anonymous_4)","decl":{"start":{"line":238,"column":21},"end":{"line":238,"column":28}},"loc":{"start":{"line":238,"column":36},"end":{"line":240,"column":7}},"line":238},"5":{"name":"(anonymous_5)","decl":{"start":{"line":253,"column":34},"end":{"line":253,"column":41}},"loc":{"start":{"line":253,"column":54},"end":{"line":285,"column":null}},"line":253},"6":{"name":"(anonymous_6)","decl":{"start":{"line":288,"column":24},"end":{"line":288,"column":31}},"loc":{"start":{"line":288,"column":44},"end":{"line":375,"column":null}},"line":288},"7":{"name":"(anonymous_7)","decl":{"start":{"line":309,"column":23},"end":{"line":309,"column":30}},"loc":{"start":{"line":309,"column":38},"end":{"line":311,"column":9}},"line":309},"8":{"name":"(anonymous_8)","decl":{"start":{"line":327,"column":34},"end":{"line":327,"column":48}},"loc":{"start":{"line":327,"column":56},"end":{"line":329,"column":11}},"line":327},"9":{"name":"(anonymous_9)","decl":{"start":{"line":363,"column":21},"end":{"line":363,"column":28}},"loc":{"start":{"line":363,"column":36},"end":{"line":365,"column":7}},"line":363},"10":{"name":"(anonymous_10)","decl":{"start":{"line":378,"column":24},"end":{"line":378,"column":31}},"loc":{"start":{"line":378,"column":44},"end":{"line":430,"column":null}},"line":378},"11":{"name":"(anonymous_11)","decl":{"start":{"line":406,"column":18},"end":{"line":406,"column":31}},"loc":{"start":{"line":406,"column":39},"end":{"line":408,"column":9}},"line":406},"12":{"name":"(anonymous_12)","decl":{"start":{"line":433,"column":26},"end":{"line":433,"column":33}},"loc":{"start":{"line":433,"column":46},"end":{"line":496,"column":null}},"line":433},"13":{"name":"(anonymous_13)","decl":{"start":{"line":477,"column":17},"end":{"line":477,"column":30}},"loc":{"start":{"line":477,"column":38},"end":{"line":487,"column":5}},"line":477}},"branchMap":{"0":{"loc":{"start":{"line":12,"column":2},"end":{"line":17,"column":null}},"type":"if","locations":[{"start":{"line":12,"column":2},"end":{"line":17,"column":null}},{"start":{},"end":{}}],"line":12},"1":{"loc":{"start":{"line":12,"column":6},"end":{"line":12,"column":59}},"type":"binary-expr","locations":[{"start":{"line":12,"column":6},"end":{"line":12,"column":28}},{"start":{"line":12,"column":28},"end":{"line":12,"column":40}},{"start":{"line":12,"column":40},"end":{"line":12,"column":59}}],"line":12},"2":{"loc":{"start":{"line":20,"column":2},"end":{"line":25,"column":null}},"type":"if","locations":[{"start":{"line":20,"column":2},"end":{"line":25,"column":null}},{"start":{},"end":{}}],"line":20},"3":{"loc":{"start":{"line":35,"column":4},"end":{"line":40,"column":null}},"type":"if","locations":[{"start":{"line":35,"column":4},"end":{"line":40,"column":null}},{"start":{},"end":{}}],"line":35},"4":{"loc":{"start":{"line":52,"column":4},"end":{"line":57,"column":null}},"type":"if","locations":[{"start":{"line":52,"column":4},"end":{"line":57,"column":null}},{"start":{},"end":{}}],"line":52},"5":{"loc":{"start":{"line":73,"column":6},"end":{"line":73,"column":null}},"type":"cond-expr","locations":[{"start":{"line":73,"column":56},"end":{"line":73,"column":72}},{"start":{"line":73,"column":72},"end":{"line":73,"column":null}}],"line":73},"6":{"loc":{"start":{"line":82,"column":2},"end":{"line":87,"column":null}},"type":"if","locations":[{"start":{"line":82,"column":2},"end":{"line":87,"column":null}},{"start":{},"end":{}}],"line":82},"7":{"loc":{"start":{"line":82,"column":6},"end":{"line":82,"column":38}},"type":"binary-expr","locations":[{"start":{"line":82,"column":6},"end":{"line":82,"column":28}},{"start":{"line":82,"column":28},"end":{"line":82,"column":38}}],"line":82},"8":{"loc":{"start":{"line":99,"column":4},"end":{"line":104,"column":null}},"type":"if","locations":[{"start":{"line":99,"column":4},"end":{"line":104,"column":null}},{"start":{},"end":{}}],"line":99},"9":{"loc":{"start":{"line":115,"column":6},"end":{"line":115,"column":null}},"type":"cond-expr","locations":[{"start":{"line":115,"column":56},"end":{"line":115,"column":72}},{"start":{"line":115,"column":72},"end":{"line":115,"column":null}}],"line":115},"10":{"loc":{"start":{"line":124,"column":2},"end":{"line":129,"column":null}},"type":"if","locations":[{"start":{"line":124,"column":2},"end":{"line":129,"column":null}},{"start":{},"end":{}}],"line":124},"11":{"loc":{"start":{"line":151,"column":6},"end":{"line":151,"column":null}},"type":"cond-expr","locations":[{"start":{"line":151,"column":56},"end":{"line":151,"column":72}},{"start":{"line":151,"column":72},"end":{"line":151,"column":null}}],"line":151},"12":{"loc":{"start":{"line":163,"column":2},"end":{"line":168,"column":null}},"type":"if","locations":[{"start":{"line":163,"column":2},"end":{"line":168,"column":null}},{"start":{},"end":{}}],"line":163},"13":{"loc":{"start":{"line":163,"column":6},"end":{"line":163,"column":58}},"type":"binary-expr","locations":[{"start":{"line":163,"column":6},"end":{"line":163,"column":28}},{"start":{"line":163,"column":28},"end":{"line":163,"column":44}},{"start":{"line":163,"column":44},"end":{"line":163,"column":58}}],"line":163},"14":{"loc":{"start":{"line":172,"column":2},"end":{"line":177,"column":null}},"type":"if","locations":[{"start":{"line":172,"column":2},"end":{"line":177,"column":null}},{"start":{},"end":{}}],"line":172},"15":{"loc":{"start":{"line":188,"column":4},"end":{"line":193,"column":null}},"type":"if","locations":[{"start":{"line":188,"column":4},"end":{"line":193,"column":null}},{"start":{},"end":{}}],"line":188},"16":{"loc":{"start":{"line":198,"column":4},"end":{"line":214,"column":null}},"type":"if","locations":[{"start":{"line":198,"column":4},"end":{"line":214,"column":null}},{"start":{"line":206,"column":11},"end":{"line":214,"column":null}}],"line":198},"17":{"loc":{"start":{"line":199,"column":6},"end":{"line":204,"column":null}},"type":"if","locations":[{"start":{"line":199,"column":6},"end":{"line":204,"column":null}},{"start":{},"end":{}}],"line":199},"18":{"loc":{"start":{"line":199,"column":10},"end":{"line":199,"column":62}},"type":"binary-expr","locations":[{"start":{"line":199,"column":10},"end":{"line":199,"column":25}},{"start":{"line":199,"column":25},"end":{"line":199,"column":62}}],"line":199},"19":{"loc":{"start":{"line":206,"column":11},"end":{"line":214,"column":null}},"type":"if","locations":[{"start":{"line":206,"column":11},"end":{"line":214,"column":null}},{"start":{},"end":{}}],"line":206},"20":{"loc":{"start":{"line":207,"column":6},"end":{"line":212,"column":null}},"type":"if","locations":[{"start":{"line":207,"column":6},"end":{"line":212,"column":null}},{"start":{},"end":{}}],"line":207},"21":{"loc":{"start":{"line":237,"column":4},"end":{"line":241,"column":null}},"type":"if","locations":[{"start":{"line":237,"column":4},"end":{"line":241,"column":null}},{"start":{},"end":{}}],"line":237},"22":{"loc":{"start":{"line":237,"column":8},"end":{"line":237,"column":42}},"type":"binary-expr","locations":[{"start":{"line":237,"column":8},"end":{"line":237,"column":16}},{"start":{"line":237,"column":16},"end":{"line":237,"column":42}}],"line":237},"23":{"loc":{"start":{"line":239,"column":8},"end":{"line":239,"column":null}},"type":"if","locations":[{"start":{"line":239,"column":8},"end":{"line":239,"column":null}},{"start":{},"end":{}}],"line":239},"24":{"loc":{"start":{"line":247,"column":6},"end":{"line":247,"column":null}},"type":"cond-expr","locations":[{"start":{"line":247,"column":56},"end":{"line":247,"column":72}},{"start":{"line":247,"column":72},"end":{"line":247,"column":null}}],"line":247},"25":{"loc":{"start":{"line":256,"column":2},"end":{"line":261,"column":null}},"type":"if","locations":[{"start":{"line":256,"column":2},"end":{"line":261,"column":null}},{"start":{},"end":{}}],"line":256},"26":{"loc":{"start":{"line":282,"column":6},"end":{"line":282,"column":null}},"type":"cond-expr","locations":[{"start":{"line":282,"column":56},"end":{"line":282,"column":72}},{"start":{"line":282,"column":72},"end":{"line":282,"column":null}}],"line":282},"27":{"loc":{"start":{"line":293,"column":2},"end":{"line":298,"column":null}},"type":"if","locations":[{"start":{"line":293,"column":2},"end":{"line":298,"column":null}},{"start":{},"end":{}}],"line":293},"28":{"loc":{"start":{"line":307,"column":4},"end":{"line":317,"column":null}},"type":"if","locations":[{"start":{"line":307,"column":4},"end":{"line":317,"column":null}},{"start":{},"end":{}}],"line":307},"29":{"loc":{"start":{"line":308,"column":6},"end":{"line":312,"column":null}},"type":"if","locations":[{"start":{"line":308,"column":6},"end":{"line":312,"column":null}},{"start":{},"end":{}}],"line":308},"30":{"loc":{"start":{"line":308,"column":10},"end":{"line":308,"column":44}},"type":"binary-expr","locations":[{"start":{"line":308,"column":10},"end":{"line":308,"column":18}},{"start":{"line":308,"column":18},"end":{"line":308,"column":44}}],"line":308},"31":{"loc":{"start":{"line":310,"column":10},"end":{"line":310,"column":null}},"type":"if","locations":[{"start":{"line":310,"column":10},"end":{"line":310,"column":null}},{"start":{},"end":{}}],"line":310},"32":{"loc":{"start":{"line":323,"column":4},"end":{"line":342,"column":null}},"type":"if","locations":[{"start":{"line":323,"column":4},"end":{"line":342,"column":null}},{"start":{"line":333,"column":11},"end":{"line":342,"column":null}}],"line":323},"33":{"loc":{"start":{"line":325,"column":6},"end":{"line":331,"column":null}},"type":"if","locations":[{"start":{"line":325,"column":6},"end":{"line":331,"column":null}},{"start":{},"end":{}}],"line":325},"34":{"loc":{"start":{"line":325,"column":10},"end":{"line":325,"column":86}},"type":"binary-expr","locations":[{"start":{"line":325,"column":10},"end":{"line":325,"column":39}},{"start":{"line":325,"column":39},"end":{"line":325,"column":86}}],"line":325},"35":{"loc":{"start":{"line":326,"column":8},"end":{"line":330,"column":null}},"type":"if","locations":[{"start":{"line":326,"column":8},"end":{"line":330,"column":null}},{"start":{},"end":{}}],"line":326},"36":{"loc":{"start":{"line":328,"column":12},"end":{"line":328,"column":null}},"type":"if","locations":[{"start":{"line":328,"column":12},"end":{"line":328,"column":null}},{"start":{},"end":{}}],"line":328},"37":{"loc":{"start":{"line":333,"column":11},"end":{"line":342,"column":null}},"type":"if","locations":[{"start":{"line":333,"column":11},"end":{"line":342,"column":null}},{"start":{},"end":{}}],"line":333},"38":{"loc":{"start":{"line":335,"column":6},"end":{"line":340,"column":null}},"type":"if","locations":[{"start":{"line":335,"column":6},"end":{"line":340,"column":null}},{"start":{},"end":{}}],"line":335},"39":{"loc":{"start":{"line":349,"column":7},"end":{"line":349,"column":49}},"type":"binary-expr","locations":[{"start":{"line":349,"column":7},"end":{"line":349,"column":22}},{"start":{"line":349,"column":22},"end":{"line":349,"column":49}}],"line":349},"40":{"loc":{"start":{"line":357,"column":21},"end":{"line":357,"column":null}},"type":"binary-expr","locations":[{"start":{"line":357,"column":21},"end":{"line":357,"column":36}},{"start":{"line":357,"column":36},"end":{"line":357,"column":null}}],"line":357},"41":{"loc":{"start":{"line":362,"column":4},"end":{"line":366,"column":null}},"type":"if","locations":[{"start":{"line":362,"column":4},"end":{"line":366,"column":null}},{"start":{},"end":{}}],"line":362},"42":{"loc":{"start":{"line":362,"column":8},"end":{"line":362,"column":42}},"type":"binary-expr","locations":[{"start":{"line":362,"column":8},"end":{"line":362,"column":16}},{"start":{"line":362,"column":16},"end":{"line":362,"column":42}}],"line":362},"43":{"loc":{"start":{"line":364,"column":8},"end":{"line":364,"column":null}},"type":"if","locations":[{"start":{"line":364,"column":8},"end":{"line":364,"column":null}},{"start":{},"end":{}}],"line":364},"44":{"loc":{"start":{"line":372,"column":6},"end":{"line":372,"column":null}},"type":"cond-expr","locations":[{"start":{"line":372,"column":56},"end":{"line":372,"column":72}},{"start":{"line":372,"column":72},"end":{"line":372,"column":null}}],"line":372},"45":{"loc":{"start":{"line":381,"column":2},"end":{"line":386,"column":null}},"type":"if","locations":[{"start":{"line":381,"column":2},"end":{"line":386,"column":null}},{"start":{},"end":{}}],"line":381},"46":{"loc":{"start":{"line":395,"column":4},"end":{"line":400,"column":null}},"type":"if","locations":[{"start":{"line":395,"column":4},"end":{"line":400,"column":null}},{"start":{},"end":{}}],"line":395},"47":{"loc":{"start":{"line":404,"column":4},"end":{"line":410,"column":null}},"type":"if","locations":[{"start":{"line":404,"column":4},"end":{"line":410,"column":null}},{"start":{},"end":{}}],"line":404},"48":{"loc":{"start":{"line":404,"column":8},"end":{"line":404,"column":54}},"type":"binary-expr","locations":[{"start":{"line":404,"column":8},"end":{"line":404,"column":22}},{"start":{"line":404,"column":22},"end":{"line":404,"column":54}}],"line":404},"49":{"loc":{"start":{"line":405,"column":6},"end":{"line":409,"column":null}},"type":"if","locations":[{"start":{"line":405,"column":6},"end":{"line":409,"column":null}},{"start":{},"end":{}}],"line":405},"50":{"loc":{"start":{"line":407,"column":10},"end":{"line":407,"column":null}},"type":"if","locations":[{"start":{"line":407,"column":10},"end":{"line":407,"column":null}},{"start":{},"end":{}}],"line":407},"51":{"loc":{"start":{"line":427,"column":6},"end":{"line":427,"column":null}},"type":"cond-expr","locations":[{"start":{"line":427,"column":56},"end":{"line":427,"column":72}},{"start":{"line":427,"column":72},"end":{"line":427,"column":null}}],"line":427},"52":{"loc":{"start":{"line":436,"column":2},"end":{"line":441,"column":null}},"type":"if","locations":[{"start":{"line":436,"column":2},"end":{"line":441,"column":null}},{"start":{},"end":{}}],"line":436},"53":{"loc":{"start":{"line":450,"column":4},"end":{"line":455,"column":null}},"type":"if","locations":[{"start":{"line":450,"column":4},"end":{"line":455,"column":null}},{"start":{},"end":{}}],"line":450},"54":{"loc":{"start":{"line":460,"column":4},"end":{"line":466,"column":null}},"type":"if","locations":[{"start":{"line":460,"column":4},"end":{"line":466,"column":null}},{"start":{},"end":{}}],"line":460},"55":{"loc":{"start":{"line":469,"column":4},"end":{"line":474,"column":null}},"type":"if","locations":[{"start":{"line":469,"column":4},"end":{"line":474,"column":null}},{"start":{},"end":{}}],"line":469},"56":{"loc":{"start":{"line":478,"column":6},"end":{"line":486,"column":null}},"type":"if","locations":[{"start":{"line":478,"column":6},"end":{"line":486,"column":null}},{"start":{},"end":{}}],"line":478},"57":{"loc":{"start":{"line":480,"column":8},"end":{"line":485,"column":null}},"type":"if","locations":[{"start":{"line":480,"column":8},"end":{"line":485,"column":null}},{"start":{},"end":{}}],"line":480},"58":{"loc":{"start":{"line":493,"column":6},"end":{"line":493,"column":null}},"type":"cond-expr","locations":[{"start":{"line":493,"column":56},"end":{"line":493,"column":72}},{"start":{"line":493,"column":72},"end":{"line":493,"column":null}}],"line":493}},"s":{"0":1,"1":1,"2":1,"3":1,"4":0,"5":0,"6":0,"7":0,"8":0,"9":0,"10":0,"11":0,"12":0,"13":0,"14":0,"15":0,"16":0,"17":0,"18":0,"19":1,"20":0,"21":0,"22":0,"23":0,"24":0,"25":0,"26":0,"27":0,"28":0,"29":0,"30":1,"31":0,"32":0,"33":0,"34":0,"35":0,"36":0,"37":0,"38":0,"39":1,"40":0,"41":0,"42":0,"43":0,"44":0,"45":0,"46":0,"47":0,"48":0,"49":0,"50":0,"51":0,"52":0,"53":0,"54":0,"55":0,"56":0,"57":0,"58":0,"59":0,"60":0,"61":0,"62":0,"63":0,"64":0,"65":0,"66":0,"67":0,"68":0,"69":1,"70":0,"71":0,"72":0,"73":0,"74":0,"75":0,"76":0,"77":0,"78":1,"79":0,"80":0,"81":0,"82":0,"83":0,"84":0,"85":0,"86":0,"87":0,"88":0,"89":0,"90":0,"91":0,"92":0,"93":0,"94":0,"95":0,"96":0,"97":0,"98":0,"99":0,"100":0,"101":0,"102":0,"103":0,"104":0,"105":0,"106":0,"107":0,"108":0,"109":0,"110":0,"111":0,"112":0,"113":1,"114":0,"115":0,"116":0,"117":0,"118":0,"119":0,"120":0,"121":0,"122":0,"123":0,"124":0,"125":0,"126":0,"127":0,"128":0,"129":0,"130":0,"131":1,"132":0,"133":0,"134":0,"135":0,"136":0,"137":0,"138":0,"139":0,"140":0,"141":0,"142":0,"143":0,"144":0,"145":0,"146":0,"147":0,"148":0,"149":0,"150":0},"f":{"0":0,"1":0,"2":0,"3":0,"4":0,"5":0,"6":0,"7":0,"8":0,"9":0,"10":0,"11":0,"12":0,"13":0},"b":{"0":[0,0],"1":[0,0,0],"2":[0,0],"3":[0,0],"4":[0,0],"5":[0,0],"6":[0,0],"7":[0,0],"8":[0,0],"9":[0,0],"10":[0,0],"11":[0,0],"12":[0,0],"13":[0,0,0],"14":[0,0],"15":[0,0],"16":[0,0],"17":[0,0],"18":[0,0],"19":[0,0],"20":[0,0],"21":[0,0],"22":[0,0],"23":[0,0],"24":[0,0],"25":[0,0],"26":[0,0],"27":[0,0],"28":[0,0],"29":[0,0],"30":[0,0],"31":[0,0],"32":[0,0],"33":[0,0],"34":[0,0],"35":[0,0],"36":[0,0],"37":[0,0],"38":[0,0],"39":[0,0],"40":[0,0],"41":[0,0],"42":[0,0],"43":[0,0],"44":[0,0],"45":[0,0],"46":[0,0],"47":[0,0],"48":[0,0],"49":[0,0],"50":[0,0],"51":[0,0],"52":[0,0],"53":[0,0],"54":[0,0],"55":[0,0],"56":[0,0],"57":[0,0],"58":[0,0]},"meta":{"lastBranch":59,"lastFunction":14,"lastStatement":151,"seen":{"s:2:13:2:Infinity":0,"s:3:11:3:Infinity":1,"s:4:13:4:Infinity":2,"s:9:0:76:Infinity":3,"f:9:24:9:31":0,"s:10:59:10:Infinity":4,"b:12:2:17:Infinity:undefined:undefined:undefined:undefined":0,"s:12:2:17:Infinity":5,"b:12:6:12:28:12:28:12:40:12:40:12:59":1,"s:13:4:16:Infinity":6,"b:20:2:25:Infinity:undefined:undefined:undefined:undefined":2,"s:20:2:25:Infinity":7,"s:21:4:24:Infinity":8,"s:27:2:75:Infinity":9,"s:29:22:33:Infinity":10,"b:35:4:40:Infinity:undefined:undefined:undefined:undefined":3,"s:35:4:40:Infinity":11,"s:36:6:39:Infinity":12,"s:43:21:50:Infinity":13,"b:52:4:57:Infinity:undefined:undefined:undefined:undefined":4,"s:52:4:57:Infinity":14,"s:53:6:56:Infinity":15,"s:59:4:67:Infinity":16,"s:69:4:69:Infinity":17,"s:70:4:74:Infinity":18,"b:73:56:73:72:73:72:73:Infinity":5,"s:79:0:118:Infinity":19,"f:79:27:79:34":1,"s:80:41:80:Infinity":20,"b:82:2:87:Infinity:undefined:undefined:undefined:undefined":6,"s:82:2:87:Infinity":21,"b:82:6:82:28:82:28:82:38":7,"s:83:4:86:Infinity":22,"s:89:2:117:Infinity":23,"s:90:21:97:Infinity":24,"b:99:4:104:Infinity:undefined:undefined:undefined:undefined":8,"s:99:4:104:Infinity":25,"s:100:6:103:Infinity":26,"s:106:4:109:Infinity":27,"s:111:4:111:Infinity":28,"s:112:4:116:Infinity":29,"b:115:56:115:72:115:72:115:Infinity":9,"s:121:0:154:Infinity":30,"f:121:33:121:40":2,"s:122:22:122:Infinity":31,"b:124:2:129:Infinity:undefined:undefined:undefined:undefined":10,"s:124:2:129:Infinity":32,"s:125:4:128:Infinity":33,"s:131:2:153:Infinity":34,"s:132:27:139:Infinity":35,"s:141:4:145:Infinity":36,"s:147:4:147:Infinity":37,"s:148:4:152:Infinity":38,"b:151:56:151:72:151:72:151:Infinity":11,"s:159:0:250:Infinity":39,"f:159:21:159:28":3,"s:160:70:160:Infinity":40,"s:161:15:161:Infinity":41,"b:163:2:168:Infinity:undefined:undefined:undefined:undefined":12,"s:163:2:168:Infinity":42,"b:163:6:163:28:163:28:163:44:163:44:163:58":13,"s:164:4:167:Infinity":43,"s:171:23:171:Infinity":44,"b:172:2:177:Infinity:undefined:undefined:undefined:undefined":14,"s:172:2:177:Infinity":45,"s:173:4:176:Infinity":46,"s:179:20:179:Infinity":47,"s:181:2:249:Infinity":48,"s:183:22:186:Infinity":49,"b:188:4:193:Infinity:undefined:undefined:undefined:undefined":15,"s:188:4:193:Infinity":50,"s:189:6:192:Infinity":51,"s:195:22:195:Infinity":52,"b:198:4:214:Infinity:206:11:214:Infinity":16,"s:198:4:214:Infinity":53,"b:199:6:204:Infinity:undefined:undefined:undefined:undefined":17,"s:199:6:204:Infinity":54,"b:199:10:199:25:199:25:199:62":18,"s:200:8:203:Infinity":55,"s:205:6:205:Infinity":56,"b:206:11:214:Infinity:undefined:undefined:undefined:undefined":19,"s:206:11:214:Infinity":57,"b:207:6:212:Infinity:undefined:undefined:undefined:undefined":20,"s:207:6:212:Infinity":58,"s:208:8:211:Infinity":59,"s:213:6:213:Infinity":60,"s:217:21:221:Infinity":61,"s:223:4:234:Infinity":62,"b:237:4:241:Infinity:undefined:undefined:undefined:undefined":21,"s:237:4:241:Infinity":63,"b:237:8:237:16:237:16:237:42":22,"s:238:6:240:Infinity":64,"f:238:21:238:28":4,"b:239:8:239:Infinity:undefined:undefined:undefined:undefined":23,"s:239:8:239:Infinity":65,"s:239:17:239:Infinity":66,"s:243:4:243:Infinity":67,"s:244:4:248:Infinity":68,"b:247:56:247:72:247:72:247:Infinity":24,"s:253:0:285:Infinity":69,"f:253:34:253:41":5,"s:254:32:254:Infinity":70,"b:256:2:261:Infinity:undefined:undefined:undefined:undefined":25,"s:256:2:261:Infinity":71,"s:257:4:260:Infinity":72,"s:263:2:284:Infinity":73,"s:264:23:270:Infinity":74,"s:272:4:276:Infinity":75,"s:278:4:278:Infinity":76,"s:279:4:283:Infinity":77,"b:282:56:282:72:282:72:282:Infinity":26,"s:288:0:375:Infinity":78,"f:288:24:288:31":6,"s:289:24:289:Infinity":79,"s:290:38:290:Infinity":80,"s:291:15:291:Infinity":81,"b:293:2:298:Infinity:undefined:undefined:undefined:undefined":27,"s:293:2:298:Infinity":82,"s:294:4:297:Infinity":83,"s:300:2:374:Infinity":84,"s:302:22:305:Infinity":85,"b:307:4:317:Infinity:undefined:undefined:undefined:undefined":28,"s:307:4:317:Infinity":86,"b:308:6:312:Infinity:undefined:undefined:undefined:undefined":29,"s:308:6:312:Infinity":87,"b:308:10:308:18:308:18:308:44":30,"s:309:8:311:Infinity":88,"f:309:23:309:30":7,"b:310:10:310:Infinity:undefined:undefined:undefined:undefined":31,"s:310:10:310:Infinity":89,"s:310:19:310:Infinity":90,"s:313:6:316:Infinity":91,"s:319:26:319:Infinity":92,"s:320:23:320:Infinity":93,"b:323:4:342:Infinity:333:11:342:Infinity":32,"s:323:4:342:Infinity":94,"b:325:6:331:Infinity:undefined:undefined:undefined:undefined":33,"s:325:6:331:Infinity":95,"b:325:10:325:39:325:39:325:86":34,"b:326:8:330:Infinity:undefined:undefined:undefined:undefined":35,"s:326:8:330:Infinity":96,"s:327:10:329:Infinity":97,"f:327:34:327:48":8,"b:328:12:328:Infinity:undefined:undefined:undefined:undefined":36,"s:328:12:328:Infinity":98,"s:328:21:328:Infinity":99,"s:332:6:332:Infinity":100,"b:333:11:342:Infinity:undefined:undefined:undefined:undefined":37,"s:333:11:342:Infinity":101,"b:335:6:340:Infinity:undefined:undefined:undefined:undefined":38,"s:335:6:340:Infinity":102,"s:336:8:339:Infinity":103,"s:341:6:341:Infinity":104,"s:345:21:350:Infinity":105,"b:349:7:349:22:349:22:349:49":39,"s:352:4:360:Infinity":106,"b:357:21:357:36:357:36:357:Infinity":40,"b:362:4:366:Infinity:undefined:undefined:undefined:undefined":41,"s:362:4:366:Infinity":107,"b:362:8:362:16:362:16:362:42":42,"s:363:6:365:Infinity":108,"f:363:21:363:28":9,"b:364:8:364:Infinity:undefined:undefined:undefined:undefined":43,"s:364:8:364:Infinity":109,"s:364:17:364:Infinity":110,"s:368:4:368:Infinity":111,"s:369:4:373:Infinity":112,"b:372:56:372:72:372:72:372:Infinity":44,"s:378:0:430:Infinity":113,"f:378:24:378:31":10,"s:379:24:379:Infinity":114,"b:381:2:386:Infinity:undefined:undefined:undefined:undefined":45,"s:381:2:386:Infinity":115,"s:382:4:385:Infinity":116,"s:388:2:429:Infinity":117,"s:390:22:393:Infinity":118,"b:395:4:400:Infinity:undefined:undefined:undefined:undefined":46,"s:395:4:400:Infinity":119,"s:396:6:399:Infinity":120,"s:403:23:403:Infinity":121,"b:404:4:410:Infinity:undefined:undefined:undefined:undefined":47,"s:404:4:410:Infinity":122,"b:404:8:404:22:404:22:404:54":48,"b:405:6:409:Infinity:undefined:undefined:undefined:undefined":49,"s:405:6:409:Infinity":123,"s:406:8:408:Infinity":124,"f:406:18:406:31":11,"b:407:10:407:Infinity:undefined:undefined:undefined:undefined":50,"s:407:10:407:Infinity":125,"s:407:19:407:Infinity":126,"s:413:21:416:Infinity":127,"s:418:4:421:Infinity":128,"s:423:4:423:Infinity":129,"s:424:4:428:Infinity":130,"b:427:56:427:72:427:72:427:Infinity":51,"s:433:0:496:Infinity":131,"f:433:26:433:33":12,"s:434:24:434:Infinity":132,"b:436:2:441:Infinity:undefined:undefined:undefined:undefined":52,"s:436:2:441:Infinity":133,"s:437:4:440:Infinity":134,"s:443:2:495:Infinity":135,"s:445:22:448:Infinity":136,"b:450:4:455:Infinity:undefined:undefined:undefined:undefined":53,"s:450:4:455:Infinity":137,"s:451:6:454:Infinity":138,"s:457:23:457:Infinity":139,"b:460:4:466:Infinity:undefined:undefined:undefined:undefined":54,"s:460:4:466:Infinity":140,"s:461:6:465:Infinity":141,"b:469:4:474:Infinity:undefined:undefined:undefined:undefined":55,"s:469:4:474:Infinity":142,"s:470:6:473:Infinity":143,"s:477:4:487:Infinity":144,"f:477:17:477:30":13,"b:478:6:486:Infinity:undefined:undefined:undefined:undefined":56,"s:478:6:486:Infinity":145,"s:479:8:479:Infinity":146,"b:480:8:485:Infinity:undefined:undefined:undefined:undefined":57,"s:480:8:485:Infinity":147,"s:481:10:484:Infinity":148,"s:489:4:489:Infinity":149,"s:490:4:494:Infinity":150,"b:493:56:493:72:493:72:493:Infinity":58}}}
,"C:\\Users\\estef\\OneDrive\\Escritorio\\Ausentimo\\Backend\\src\\utils\\validaciones.js": {"path":"C:\\Users\\estef\\OneDrive\\Escritorio\\Ausentimo\\Backend\\src\\utils\\validaciones.js","statementMap":{"0":{"start":{"line":2,"column":29},"end":{"line":5,"column":1}},"1":{"start":{"line":3,"column":2},"end":{"line":3,"column":27}},"2":{"start":{"line":3,"column":14},"end":{"line":3,"column":27}},"3":{"start":{"line":4,"column":2},"end":{"line":4,"column":50}},"4":{"start":{"line":7,"column":35},"end":{"line":11,"column":1}},"5":{"start":{"line":8,"column":2},"end":{"line":8,"column":41}},"6":{"start":{"line":8,"column":24},"end":{"line":8,"column":41}},"7":{"start":{"line":9,"column":2},"end":{"line":9,"column":39}},"8":{"start":{"line":9,"column":24},"end":{"line":9,"column":39}},"9":{"start":{"line":10,"column":2},"end":{"line":10,"column":16}}},"fnMap":{"0":{"name":"(anonymous_0)","decl":{"start":{"line":2,"column":29},"end":{"line":2,"column":30}},"loc":{"start":{"line":2,"column":40},"end":{"line":5,"column":1}},"line":2},"1":{"name":"(anonymous_1)","decl":{"start":{"line":7,"column":35},"end":{"line":7,"column":36}},"loc":{"start":{"line":7,"column":52},"end":{"line":11,"column":1}},"line":7}},"branchMap":{"0":{"loc":{"start":{"line":3,"column":2},"end":{"line":3,"column":27}},"type":"if","locations":[{"start":{"line":3,"column":2},"end":{"line":3,"column":27}},{"start":{},"end":{}}],"line":3},"1":{"loc":{"start":{"line":8,"column":2},"end":{"line":8,"column":41}},"type":"if","locations":[{"start":{"line":8,"column":2},"end":{"line":8,"column":41}},{"start":{},"end":{}}],"line":8},"2":{"loc":{"start":{"line":9,"column":2},"end":{"line":9,"column":39}},"type":"if","locations":[{"start":{"line":9,"column":2},"end":{"line":9,"column":39}},{"start":{},"end":{}}],"line":9}},"s":{"0":1,"1":3,"2":1,"3":2,"4":1,"5":2,"6":1,"7":1,"8":0,"9":1},"f":{"0":3,"1":2},"b":{"0":[1,2],"1":[1,1],"2":[0,1]},"meta":{"lastBranch":3,"lastFunction":2,"lastStatement":10,"seen":{"s:2:29:5:1":0,"f:2:29:2:30":0,"b:3:2:3:27:undefined:undefined:undefined:undefined":0,"s:3:2:3:27":1,"s:3:14:3:27":2,"s:4:2:4:50":3,"s:7:35:11:1":4,"f:7:35:7:36":1,"b:8:2:8:41:undefined:undefined:undefined:undefined":1,"s:8:2:8:41":5,"s:8:24:8:41":6,"b:9:2:9:39:undefined:undefined:undefined:undefined":2,"s:9:2:9:39":7,"s:9:24:9:39":8,"s:10:2:10:16":9}}}
}
